Using pre-set license
Built from '2021.3/staging' branch; Version is '2021.3.26f1 (a16dc32e0ff2) revision 10579395'; Using compiler version '192829333'; Build Type 'Release'
OS: 'Windows 10  (10.0.19045) 64bit Enterprise' Language: 'en' Physical Memory: 65224 MB
BatchMode: 1, IsHumanControllingUs: 0, StartBugReporterOnCrash: 0, Is64bit: 1, IsPro: 1

COMMAND LINE ARGUMENTS:
C:\Program Files\Unity\Hub\Editor\2021.3.26f1\Editor\Unity.exe
-adb2
-batchMode
-noUpm
-name
AssetImportWorker6
-projectPath
C:/Users/sheridan.lucas2/Documents/GitHub/New-Game-Systems-week-9
-logFile
Logs/AssetImportWorker6.log
-srvPort
59276
Successfully changed project path to: C:/Users/sheridan.lucas2/Documents/GitHub/New-Game-Systems-week-9
C:/Users/sheridan.lucas2/Documents/GitHub/New-Game-Systems-week-9
[UnityMemory] Configuration Parameters - Can be set up in boot.config
    "memorysetup-bucket-allocator-granularity=16"
    "memorysetup-bucket-allocator-bucket-count=8"
    "memorysetup-bucket-allocator-block-size=33554432"
    "memorysetup-bucket-allocator-block-count=8"
    "memorysetup-main-allocator-block-size=16777216"
    "memorysetup-thread-allocator-block-size=16777216"
    "memorysetup-gfx-main-allocator-block-size=16777216"
    "memorysetup-gfx-thread-allocator-block-size=16777216"
    "memorysetup-cache-allocator-block-size=4194304"
    "memorysetup-typetree-allocator-block-size=2097152"
    "memorysetup-profiler-bucket-allocator-granularity=16"
    "memorysetup-profiler-bucket-allocator-bucket-count=8"
    "memorysetup-profiler-bucket-allocator-block-size=33554432"
    "memorysetup-profiler-bucket-allocator-block-count=8"
    "memorysetup-profiler-allocator-block-size=16777216"
    "memorysetup-profiler-editor-allocator-block-size=1048576"
    "memorysetup-temp-allocator-size-main=16777216"
    "memorysetup-job-temp-allocator-block-size=2097152"
    "memorysetup-job-temp-allocator-block-size-background=1048576"
    "memorysetup-job-temp-allocator-reduction-small-platforms=262144"
    "memorysetup-temp-allocator-size-background-worker=32768"
    "memorysetup-temp-allocator-size-job-worker=262144"
    "memorysetup-temp-allocator-size-preload-manager=33554432"
    "memorysetup-temp-allocator-size-nav-mesh-worker=65536"
    "memorysetup-temp-allocator-size-audio-worker=65536"
    "memorysetup-temp-allocator-size-cloud-worker=32768"
    "memorysetup-temp-allocator-size-gi-baking-worker=262144"
    "memorysetup-temp-allocator-size-gfx=262144"
Player connection [26576] Host "[IP] 172.27.14.168 [Port] 0 [Flags] 2 [Guid] 1076735017 [EditorId] 1076735017 [Version] 1048832 [Id] WindowsEditor(7,NS00J002011DE04) [Debug] 1 [PackageName] WindowsEditor [ProjectName] Editor" joined multi-casting on [225.0.0.222:54997]...

Player connection [26576] Host "[IP] 172.27.14.168 [Port] 0 [Flags] 2 [Guid] 1076735017 [EditorId] 1076735017 [Version] 1048832 [Id] WindowsEditor(7,NS00J002011DE04) [Debug] 1 [PackageName] WindowsEditor [ProjectName] Editor" joined alternative multi-casting on [225.0.0.222:34997]...

Refreshing native plugins compatible for Editor in 66.11 ms, found 3 plugins.
Preloading 0 native plugins for Editor in 0.00 ms.
Initialize engine version: 2021.3.26f1 (a16dc32e0ff2)
[Subsystems] Discovering subsystems at path C:/Program Files/Unity/Hub/Editor/2021.3.26f1/Editor/Data/Resources/UnitySubsystems
[Subsystems] Discovering subsystems at path C:/Users/sheridan.lucas2/Documents/GitHub/New-Game-Systems-week-9/Assets
GfxDevice: creating device client; threaded=0; jobified=0
Direct3D:
    Version:  Direct3D 11.0 [level 11.1]
    Renderer: NVIDIA GeForce RTX 3090 (ID=0x2204)
    Vendor:   NVIDIA
    VRAM:     24340 MB
    Driver:   31.0.15.3619
Initialize mono
Mono path[0] = 'C:/Program Files/Unity/Hub/Editor/2021.3.26f1/Editor/Data/Managed'
Mono path[1] = 'C:/Program Files/Unity/Hub/Editor/2021.3.26f1/Editor/Data/MonoBleedingEdge/lib/mono/unityjit-win32'
Mono config path = 'C:/Program Files/Unity/Hub/Editor/2021.3.26f1/Editor/Data/MonoBleedingEdge/etc'
Using monoOptions --debugger-agent=transport=dt_socket,embedding=1,server=y,suspend=n,address=127.0.0.1:56488
Begin MonoManager ReloadAssembly
Registering precompiled unity dll's ...
Register platform support module: C:/Program Files/Unity/Hub/Editor/2021.3.26f1/Editor/Data/PlaybackEngines/WebGLSupport/UnityEditor.WebGL.Extensions.dll
Register platform support module: C:/Program Files/Unity/Hub/Editor/2021.3.26f1/Editor/Data/PlaybackEngines/AndroidPlayer/UnityEditor.Android.Extensions.dll
Register platform support module: C:/Program Files/Unity/Hub/Editor/2021.3.26f1/Editor/Data/PlaybackEngines/WindowsStandaloneSupport/UnityEditor.WindowsStandalone.Extensions.dll
Registered in 0.010439 seconds.
Native extension for WindowsStandalone target not found
Native extension for Android target not found
Android Extension - Scanning For ADB Devices 350 ms
Native extension for WebGL target not found
Refreshing native plugins compatible for Editor in 61.56 ms, found 3 plugins.
Preloading 0 native plugins for Editor in 0.00 ms.
Mono: successfully reloaded assembly
- Completed reload, in  1.250 seconds
Domain Reload Profiling:
	ReloadAssembly (1251ms)
		BeginReloadAssembly (93ms)
			ExecutionOrderSort (0ms)
			DisableScriptedObjects (0ms)
			BackupInstance (0ms)
			ReleaseScriptingObjects (0ms)
			CreateAndSetChildDomain (0ms)
		EndReloadAssembly (967ms)
			LoadAssemblies (92ms)
			RebuildTransferFunctionScriptingTraits (0ms)
			SetupTypeCache (203ms)
			ReleaseScriptCaches (0ms)
			RebuildScriptCaches (31ms)
			SetupLoadedEditorAssemblies (678ms)
				LogAssemblyErrors (0ms)
				InitializePlatformSupportModulesInManaged (468ms)
				SetLoadedEditorAssemblies (0ms)
				RefreshPlugins (62ms)
				BeforeProcessingInitializeOnLoad (1ms)
				ProcessInitializeOnLoadAttributes (94ms)
				ProcessInitializeOnLoadMethodAttributes (53ms)
				AfterProcessingInitializeOnLoad (0ms)
				EditorAssembliesLoaded (0ms)
			ExecutionOrderSort2 (0ms)
			AwakeInstancesAfterBackupRestoration (0ms)
Platform modules already initialized, skipping
Registering precompiled user dll's ...
Registered in 0.007432 seconds.
Begin MonoManager ReloadAssembly
Symbol file LoadedFromMemory doesn't match image C:\Users\sheridan.lucas2\Documents\GitHub\New-Game-Systems-week-9\Library\PackageCache\com.unity.visualscripting@1.8.0\Editor\VisualScripting.Core\Dependencies\YamlDotNet\Unity.VisualScripting.YamlDotNet.dll
Symbol file LoadedFromMemory doesn't match image C:\Users\sheridan.lucas2\Documents\GitHub\New-Game-Systems-week-9\Library\PackageCache\com.unity.visualscripting@1.8.0\Editor\VisualScripting.Core\Dependencies\DotNetZip\Unity.VisualScripting.IonicZip.dll
Native extension for WindowsStandalone target not found
Native extension for Android target not found
Native extension for WebGL target not found
Refreshing native plugins compatible for Editor in 0.41 ms, found 3 plugins.
Preloading 0 native plugins for Editor in 0.00 ms.
Mono: successfully reloaded assembly
- Completed reload, in  1.073 seconds
Domain Reload Profiling:
	ReloadAssembly (1073ms)
		BeginReloadAssembly (112ms)
			ExecutionOrderSort (0ms)
			DisableScriptedObjects (7ms)
			BackupInstance (0ms)
			ReleaseScriptingObjects (0ms)
			CreateAndSetChildDomain (18ms)
		EndReloadAssembly (847ms)
			LoadAssemblies (83ms)
			RebuildTransferFunctionScriptingTraits (0ms)
			SetupTypeCache (308ms)
			ReleaseScriptCaches (0ms)
			RebuildScriptCaches (50ms)
			SetupLoadedEditorAssemblies (339ms)
				LogAssemblyErrors (0ms)
				InitializePlatformSupportModulesInManaged (25ms)
				SetLoadedEditorAssemblies (0ms)
				RefreshPlugins (0ms)
				BeforeProcessingInitializeOnLoad (72ms)
				ProcessInitializeOnLoadAttributes (211ms)
				ProcessInitializeOnLoadMethodAttributes (21ms)
				AfterProcessingInitializeOnLoad (9ms)
				EditorAssembliesLoaded (0ms)
			ExecutionOrderSort2 (0ms)
			AwakeInstancesAfterBackupRestoration (7ms)
Platform modules already initialized, skipping
========================================================================
Worker process is ready to serve import requests
Launched and connected shader compiler UnityShaderCompiler.exe after 0.06 seconds
Refreshing native plugins compatible for Editor in 0.49 ms, found 3 plugins.
Preloading 0 native plugins for Editor in 0.00 ms.
Unloading 3064 Unused Serialized files (Serialized files now loaded: 0)
Unloading 22 unused Assets / (284.1 KB). Loaded Objects now: 3529.
Memory consumption went from 113.1 MB to 112.8 MB.
Total: 3.885300 ms (FindLiveObjects: 0.385700 ms CreateObjectMapping: 0.106400 ms MarkObjects: 3.313900 ms  DeleteObjects: 0.078100 ms)

AssetImportParameters requested are different than current active one (requested -> active):
  custom:video-decoder-ogg-theora: a1e56fd34408186e4bbccfd4996cb3dc -> 
  custom:container-muxer-webm: aa71ff27fc2769a1b78a27578f13a17b -> 
  custom:container-demuxer-webm: 4f35f7cbe854078d1ac9338744f61a02 -> 
  custom:video-encoder-webm-vp8: eb34c28f22e8b96e1ab97ce403110664 -> 
  custom:audio-encoder-webm-vorbis: bf7c407c2cedff20999df2af8eb42d56 -> 
  custom:framework-win-MediaFoundation: 216162199b28c13a410421893ffa2e32 -> 
  custom:container-demuxer-ogg: 62fdf1f143b41e24485cea50d1cbac27 -> 
  custom:video-decoder-webm-vp8: 9c59270c3fd7afecdb556c50c9e8de78 -> 
  custom:audio-decoder-ogg-vorbis: bf7c407c2cedff20999df2af8eb42d56 -> 
========================================================================
Received Import Request.
  Time since last request: 373135.674369 seconds.
  path: Assets/Art/Models/Warrior.FBX
  artifactKey: Guid(4a2d7d1fe067bdd4bb41af8c5fc51604) Importer(815301076,1909f56bfc062723c751e8b465ee728b)
Start importing Assets/Art/Models/Warrior.FBX using Guid(4a2d7d1fe067bdd4bb41af8c5fc51604) Importer(815301076,1909f56bfc062723c751e8b465ee728b)  -> (artifact id: '226ee541ab443010e8a6e8b76e4dc987') in 0.222814 seconds 
========================================================================
Received Import Request.
  Time since last request: 157.478884 seconds.
  path: Packages/com.unity.testtools.codecoverage/Editor/Icons/FolderOpened.png
  artifactKey: Guid(1935829ae7024da448814ef05b31e6c4) Importer(815301076,1909f56bfc062723c751e8b465ee728b)
Start importing Packages/com.unity.testtools.codecoverage/Editor/Icons/FolderOpened.png using Guid(1935829ae7024da448814ef05b31e6c4) Importer(815301076,1909f56bfc062723c751e8b465ee728b)  -> (artifact id: 'bd06bc927b03639a86fbdeb5ec96ef41') in 0.041851 seconds 
========================================================================
Received Import Request.
  Time since last request: 28.801168 seconds.
  path: Assets/Art/Textures/WarriorBabe.png
  artifactKey: Guid(825072ad4f8818b4f83148103dfb7497) Importer(815301076,1909f56bfc062723c751e8b465ee728b)
Start importing Assets/Art/Textures/WarriorBabe.png using Guid(825072ad4f8818b4f83148103dfb7497) Importer(815301076,1909f56bfc062723c751e8b465ee728b)  -> (artifact id: '3e5cad446f5b20708358343e9d2421de') in 0.030451 seconds 
========================================================================
Received Import Request.
  Time since last request: 8.747562 seconds.
  path: Assets/Resources/Character/Armour_10.png
  artifactKey: Guid(1c0289c8b4e202141873f3dd17c4eceb) Importer(815301076,1909f56bfc062723c751e8b465ee728b)
Start importing Assets/Resources/Character/Armour_10.png using Guid(1c0289c8b4e202141873f3dd17c4eceb) Importer(815301076,1909f56bfc062723c751e8b465ee728b)  -> (artifact id: '2138e3f6d7924e334472facd97f541f7') in 0.093868 seconds 
========================================================================
Received Import Request.
  Time since last request: 0.000023 seconds.
  path: Assets/Resources/Character/Hair_1.png
  artifactKey: Guid(ae5bed4a2b4d28a48a37974495d66091) Importer(815301076,1909f56bfc062723c751e8b465ee728b)
Start importing Assets/Resources/Character/Hair_1.png using Guid(ae5bed4a2b4d28a48a37974495d66091) Importer(815301076,1909f56bfc062723c751e8b465ee728b)  -> (artifact id: 'a345cd7ea5b8690923a6779a611a98f4') in 0.109605 seconds 
========================================================================
Received Import Request.
  Time since last request: 0.000024 seconds.
  path: Assets/Resources/Character/Skin_1.png
  artifactKey: Guid(c661d4661b446fc408c0675a6a6c9351) Importer(815301076,1909f56bfc062723c751e8b465ee728b)
Start importing Assets/Resources/Character/Skin_1.png using Guid(c661d4661b446fc408c0675a6a6c9351) Importer(815301076,1909f56bfc062723c751e8b465ee728b)  -> (artifact id: 'b851b78aab1bf25facd006593cdc1754') in 0.044786 seconds 
========================================================================
Received Import Request.
  Time since last request: 0.011286 seconds.
  path: Assets/Resources/Character/Hair_0.png
  artifactKey: Guid(b79f26e23874b5947986618c4cc4e5f0) Importer(815301076,1909f56bfc062723c751e8b465ee728b)
Start importing Assets/Resources/Character/Hair_0.png using Guid(b79f26e23874b5947986618c4cc4e5f0) Importer(815301076,1909f56bfc062723c751e8b465ee728b)  -> (artifact id: 'dd47df4b3d8d07a2576a8ee81e77f6a9') in 0.049244 seconds 
========================================================================
Received Import Request.
  Time since last request: 0.000028 seconds.
  path: Assets/Resources/Character/Eyes_1.png
  artifactKey: Guid(09536bcd131b10c4cb7c2ba50c8cbc3c) Importer(815301076,1909f56bfc062723c751e8b465ee728b)
Start importing Assets/Resources/Character/Eyes_1.png using Guid(09536bcd131b10c4cb7c2ba50c8cbc3c) Importer(815301076,1909f56bfc062723c751e8b465ee728b)  -> (artifact id: '54a3ff81cacfdd2dd70e3bc61352ffcf') in 0.015145 seconds 
========================================================================
Received Import Request.
  Time since last request: 0.000028 seconds.
  path: Assets/Resources/Character/Armour_2.png
  artifactKey: Guid(a83483ce2b993d84eabd824b6bfc9675) Importer(815301076,1909f56bfc062723c751e8b465ee728b)
Start importing Assets/Resources/Character/Armour_2.png using Guid(a83483ce2b993d84eabd824b6bfc9675) Importer(815301076,1909f56bfc062723c751e8b465ee728b)  -> (artifact id: 'e85d78a3b112ea52a0b218d898f3b65d') in 0.018118 seconds 
========================================================================
Received Import Request.
  Time since last request: 0.000022 seconds.
  path: Assets/Resources/Character/Hair_2.png
  artifactKey: Guid(b77e13b692736d4488459e289d262784) Importer(815301076,1909f56bfc062723c751e8b465ee728b)
Start importing Assets/Resources/Character/Hair_2.png using Guid(b77e13b692736d4488459e289d262784) Importer(815301076,1909f56bfc062723c751e8b465ee728b)  -> (artifact id: 'c368425e616bf68bea0ebe3dcffb9d61') in 0.021388 seconds 
========================================================================
Received Import Request.
  Time since last request: 0.000024 seconds.
  path: Assets/Resources/Character/Clothes_3.png
  artifactKey: Guid(502719d36a3f8a347b21c9060d81def2) Importer(815301076,1909f56bfc062723c751e8b465ee728b)
Start importing Assets/Resources/Character/Clothes_3.png using Guid(502719d36a3f8a347b21c9060d81def2) Importer(815301076,1909f56bfc062723c751e8b465ee728b)  -> (artifact id: '6c02853cd35d396719a20b9da65ec820') in 0.016078 seconds 
========================================================================
Received Import Request.
  Time since last request: 0.000022 seconds.
  path: Assets/Resources/Character/Hair_4.png
  artifactKey: Guid(76cc4577bbffdca4e8f14d9763c7e875) Importer(815301076,1909f56bfc062723c751e8b465ee728b)
Start importing Assets/Resources/Character/Hair_4.png using Guid(76cc4577bbffdca4e8f14d9763c7e875) Importer(815301076,1909f56bfc062723c751e8b465ee728b)  -> (artifact id: 'f0be746a9a83809d693c3e780b0c20ba') in 0.018025 seconds 
========================================================================
Received Import Request.
  Time since last request: 0.000024 seconds.
  path: Assets/Resources/Character/Armour_5.png
  artifactKey: Guid(53b9fd2410f9be64ba60f0df0a5a434f) Importer(815301076,1909f56bfc062723c751e8b465ee728b)
Start importing Assets/Resources/Character/Armour_5.png using Guid(53b9fd2410f9be64ba60f0df0a5a434f) Importer(815301076,1909f56bfc062723c751e8b465ee728b)  -> (artifact id: '13f1eaf8b063e0601edbd3341807b369') in 0.016898 seconds 
========================================================================
Received Import Request.
  Time since last request: 0.000024 seconds.
  path: Assets/Resources/Character/Armour_9.png
  artifactKey: Guid(41859e1cc559ffb4f97c643e86fb991b) Importer(815301076,1909f56bfc062723c751e8b465ee728b)
Start importing Assets/Resources/Character/Armour_9.png using Guid(41859e1cc559ffb4f97c643e86fb991b) Importer(815301076,1909f56bfc062723c751e8b465ee728b)  -> (artifact id: '3a0aa472749291d88463176386abe0e5') in 0.068103 seconds 
========================================================================
Received Import Request.
  Time since last request: 0.000027 seconds.
  path: Assets/Resources/Character/Hair_3.png
  artifactKey: Guid(251452dafa59285429670ec0145c23ea) Importer(815301076,1909f56bfc062723c751e8b465ee728b)
Start importing Assets/Resources/Character/Hair_3.png using Guid(251452dafa59285429670ec0145c23ea) Importer(815301076,1909f56bfc062723c751e8b465ee728b)  -> (artifact id: '9def0552b5764caa55a04966cfd0636e') in 0.016095 seconds 
========================================================================
Received Import Request.
  Time since last request: 0.000034 seconds.
  path: Assets/Resources/Character/Skin_2.png
  artifactKey: Guid(c98c63ce58a37974f9478fd18ffaa19f) Importer(815301076,1909f56bfc062723c751e8b465ee728b)
Start importing Assets/Resources/Character/Skin_2.png using Guid(c98c63ce58a37974f9478fd18ffaa19f) Importer(815301076,1909f56bfc062723c751e8b465ee728b)  -> (artifact id: '6d2a7619d8a6ece2e95b516ef474e839') in 0.015287 seconds 
========================================================================
Received Import Request.
  Time since last request: 0.000029 seconds.
  path: Assets/Resources/Character/Mouth_1.png
  artifactKey: Guid(46af80ad228a4904bac612935d4298f6) Importer(815301076,1909f56bfc062723c751e8b465ee728b)
Start importing Assets/Resources/Character/Mouth_1.png using Guid(46af80ad228a4904bac612935d4298f6) Importer(815301076,1909f56bfc062723c751e8b465ee728b)  -> (artifact id: 'b927a2610d16e356d650b000a1e9ae81') in 0.015926 seconds 
========================================================================
Received Import Request.
  Time since last request: 0.000028 seconds.
  path: Assets/Resources/Character/Clothes_5.png
  artifactKey: Guid(7b01373a631398941b54f497a38750a9) Importer(815301076,1909f56bfc062723c751e8b465ee728b)
Start importing Assets/Resources/Character/Clothes_5.png using Guid(7b01373a631398941b54f497a38750a9) Importer(815301076,1909f56bfc062723c751e8b465ee728b)  -> (artifact id: '0383742f480d7d761b32122bd19f7dc1') in 0.036405 seconds 
========================================================================
Received Import Request.
  Time since last request: 0.000023 seconds.
  path: Assets/Resources/Character/Skin_0.png
  artifactKey: Guid(3e4949f799e9c41419eeb07cd7d019ac) Importer(815301076,1909f56bfc062723c751e8b465ee728b)
Start importing Assets/Resources/Character/Skin_0.png using Guid(3e4949f799e9c41419eeb07cd7d019ac) Importer(815301076,1909f56bfc062723c751e8b465ee728b)  -> (artifact id: 'ced274cc720d2ce7574b164689f89733') in 0.032990 seconds 
========================================================================
Received Import Request.
  Time since last request: 0.000023 seconds.
  path: Assets/Resources/Character/Eyes_2.png
  artifactKey: Guid(244cb73ff6221964baa3f3eba202a1d9) Importer(815301076,1909f56bfc062723c751e8b465ee728b)
Start importing Assets/Resources/Character/Eyes_2.png using Guid(244cb73ff6221964baa3f3eba202a1d9) Importer(815301076,1909f56bfc062723c751e8b465ee728b)  -> (artifact id: '95ae331cda41ba22ce5f4cf619c02aca') in 0.024976 seconds 
========================================================================
Received Import Request.
  Time since last request: 0.000025 seconds.
  path: Assets/Resources/Character/Eyes_3.png
  artifactKey: Guid(d12d4dfae211e4b428be87403e1f579b) Importer(815301076,1909f56bfc062723c751e8b465ee728b)
Start importing Assets/Resources/Character/Eyes_3.png using Guid(d12d4dfae211e4b428be87403e1f579b) Importer(815301076,1909f56bfc062723c751e8b465ee728b)  -> (artifact id: 'e53b845a2717ec1349bf1eeade486a17') in 0.025520 seconds 
========================================================================
Received Import Request.
  Time since last request: 0.000023 seconds.
  path: Assets/Resources/Character/Clothes_8.png
  artifactKey: Guid(6a2498f68587c68449de1719243c388d) Importer(815301076,1909f56bfc062723c751e8b465ee728b)
Start importing Assets/Resources/Character/Clothes_8.png using Guid(6a2498f68587c68449de1719243c388d) Importer(815301076,1909f56bfc062723c751e8b465ee728b)  -> (artifact id: 'a6c976bf6615f422a962f3d9f854b838') in 0.018270 seconds 
Editor requested this worker to shutdown with reason: Scaling down because of idle timeout
AssetImportWorker is now disconnected from the server
Process exiting
Exiting without the bug reporter. Application will terminate with return code 0