Using pre-set license
Built from '2021.3/staging' branch; Version is '2021.3.26f1 (a16dc32e0ff2) revision 10579395'; Using compiler version '192829333'; Build Type 'Release'
OS: 'Windows 10  (10.0.19045) 64bit Enterprise' Language: 'en' Physical Memory: 65224 MB
BatchMode: 1, IsHumanControllingUs: 0, StartBugReporterOnCrash: 0, Is64bit: 1, IsPro: 1

COMMAND LINE ARGUMENTS:
C:\Program Files\Unity\Hub\Editor\2021.3.26f1\Editor\Unity.exe
-adb2
-batchMode
-noUpm
-name
AssetImportWorker5
-projectPath
C:/Users/sheridan.lucas2/Documents/GitHub/New-Game-Systems-week-9
-logFile
Logs/AssetImportWorker5.log
-srvPort
59276
Successfully changed project path to: C:/Users/sheridan.lucas2/Documents/GitHub/New-Game-Systems-week-9
C:/Users/sheridan.lucas2/Documents/GitHub/New-Game-Systems-week-9
[UnityMemory] Configuration Parameters - Can be set up in boot.config
    "memorysetup-bucket-allocator-granularity=16"
    "memorysetup-bucket-allocator-bucket-count=8"
    "memorysetup-bucket-allocator-block-size=33554432"
    "memorysetup-bucket-allocator-block-count=8"
    "memorysetup-main-allocator-block-size=16777216"
    "memorysetup-thread-allocator-block-size=16777216"
    "memorysetup-gfx-main-allocator-block-size=16777216"
    "memorysetup-gfx-thread-allocator-block-size=16777216"
    "memorysetup-cache-allocator-block-size=4194304"
    "memorysetup-typetree-allocator-block-size=2097152"
    "memorysetup-profiler-bucket-allocator-granularity=16"
    "memorysetup-profiler-bucket-allocator-bucket-count=8"
    "memorysetup-profiler-bucket-allocator-block-size=33554432"
    "memorysetup-profiler-bucket-allocator-block-count=8"
    "memorysetup-profiler-allocator-block-size=16777216"
    "memorysetup-profiler-editor-allocator-block-size=1048576"
    "memorysetup-temp-allocator-size-main=16777216"
    "memorysetup-job-temp-allocator-block-size=2097152"
    "memorysetup-job-temp-allocator-block-size-background=1048576"
    "memorysetup-job-temp-allocator-reduction-small-platforms=262144"
    "memorysetup-temp-allocator-size-background-worker=32768"
    "memorysetup-temp-allocator-size-job-worker=262144"
    "memorysetup-temp-allocator-size-preload-manager=33554432"
    "memorysetup-temp-allocator-size-nav-mesh-worker=65536"
    "memorysetup-temp-allocator-size-audio-worker=65536"
    "memorysetup-temp-allocator-size-cloud-worker=32768"
    "memorysetup-temp-allocator-size-gi-baking-worker=262144"
    "memorysetup-temp-allocator-size-gfx=262144"
Player connection [12136] Host "[IP] 172.27.14.168 [Port] 0 [Flags] 2 [Guid] 1701590034 [EditorId] 1701590034 [Version] 1048832 [Id] WindowsEditor(7,NS00J002011DE04) [Debug] 1 [PackageName] WindowsEditor [ProjectName] Editor" joined multi-casting on [225.0.0.222:54997]...

Player connection [12136] Host "[IP] 172.27.14.168 [Port] 0 [Flags] 2 [Guid] 1701590034 [EditorId] 1701590034 [Version] 1048832 [Id] WindowsEditor(7,NS00J002011DE04) [Debug] 1 [PackageName] WindowsEditor [ProjectName] Editor" joined alternative multi-casting on [225.0.0.222:34997]...

Refreshing native plugins compatible for Editor in 64.50 ms, found 3 plugins.
Preloading 0 native plugins for Editor in 0.00 ms.
Initialize engine version: 2021.3.26f1 (a16dc32e0ff2)
[Subsystems] Discovering subsystems at path C:/Program Files/Unity/Hub/Editor/2021.3.26f1/Editor/Data/Resources/UnitySubsystems
[Subsystems] Discovering subsystems at path C:/Users/sheridan.lucas2/Documents/GitHub/New-Game-Systems-week-9/Assets
GfxDevice: creating device client; threaded=0; jobified=0
Direct3D:
    Version:  Direct3D 11.0 [level 11.1]
    Renderer: NVIDIA GeForce RTX 3090 (ID=0x2204)
    Vendor:   NVIDIA
    VRAM:     24340 MB
    Driver:   31.0.15.3619
Initialize mono
Mono path[0] = 'C:/Program Files/Unity/Hub/Editor/2021.3.26f1/Editor/Data/Managed'
Mono path[1] = 'C:/Program Files/Unity/Hub/Editor/2021.3.26f1/Editor/Data/MonoBleedingEdge/lib/mono/unityjit-win32'
Mono config path = 'C:/Program Files/Unity/Hub/Editor/2021.3.26f1/Editor/Data/MonoBleedingEdge/etc'
Using monoOptions --debugger-agent=transport=dt_socket,embedding=1,server=y,suspend=n,address=127.0.0.1:56272
Begin MonoManager ReloadAssembly
Registering precompiled unity dll's ...
Register platform support module: C:/Program Files/Unity/Hub/Editor/2021.3.26f1/Editor/Data/PlaybackEngines/WebGLSupport/UnityEditor.WebGL.Extensions.dll
Register platform support module: C:/Program Files/Unity/Hub/Editor/2021.3.26f1/Editor/Data/PlaybackEngines/AndroidPlayer/UnityEditor.Android.Extensions.dll
Register platform support module: C:/Program Files/Unity/Hub/Editor/2021.3.26f1/Editor/Data/PlaybackEngines/WindowsStandaloneSupport/UnityEditor.WindowsStandalone.Extensions.dll
Registered in 0.010298 seconds.
Native extension for WindowsStandalone target not found
Native extension for Android target not found
Android Extension - Scanning For ADB Devices 350 ms
Native extension for WebGL target not found
Refreshing native plugins compatible for Editor in 61.53 ms, found 3 plugins.
Preloading 0 native plugins for Editor in 0.00 ms.
Mono: successfully reloaded assembly
- Completed reload, in  1.248 seconds
Domain Reload Profiling:
	ReloadAssembly (1249ms)
		BeginReloadAssembly (91ms)
			ExecutionOrderSort (0ms)
			DisableScriptedObjects (0ms)
			BackupInstance (0ms)
			ReleaseScriptingObjects (0ms)
			CreateAndSetChildDomain (1ms)
		EndReloadAssembly (967ms)
			LoadAssemblies (89ms)
			RebuildTransferFunctionScriptingTraits (0ms)
			SetupTypeCache (203ms)
			ReleaseScriptCaches (0ms)
			RebuildScriptCaches (30ms)
			SetupLoadedEditorAssemblies (679ms)
				LogAssemblyErrors (0ms)
				InitializePlatformSupportModulesInManaged (468ms)
				SetLoadedEditorAssemblies (0ms)
				RefreshPlugins (62ms)
				BeforeProcessingInitializeOnLoad (1ms)
				ProcessInitializeOnLoadAttributes (94ms)
				ProcessInitializeOnLoadMethodAttributes (53ms)
				AfterProcessingInitializeOnLoad (0ms)
				EditorAssembliesLoaded (0ms)
			ExecutionOrderSort2 (0ms)
			AwakeInstancesAfterBackupRestoration (0ms)
Platform modules already initialized, skipping
Registering precompiled user dll's ...
Registered in 0.007343 seconds.
Begin MonoManager ReloadAssembly
Symbol file LoadedFromMemory doesn't match image C:\Users\sheridan.lucas2\Documents\GitHub\New-Game-Systems-week-9\Library\PackageCache\com.unity.visualscripting@1.8.0\Editor\VisualScripting.Core\Dependencies\YamlDotNet\Unity.VisualScripting.YamlDotNet.dll
Symbol file LoadedFromMemory doesn't match image C:\Users\sheridan.lucas2\Documents\GitHub\New-Game-Systems-week-9\Library\PackageCache\com.unity.visualscripting@1.8.0\Editor\VisualScripting.Core\Dependencies\DotNetZip\Unity.VisualScripting.IonicZip.dll
Native extension for WindowsStandalone target not found
Native extension for Android target not found
Native extension for WebGL target not found
Refreshing native plugins compatible for Editor in 0.55 ms, found 3 plugins.
Preloading 0 native plugins for Editor in 0.00 ms.
Mono: successfully reloaded assembly
- Completed reload, in  1.076 seconds
Domain Reload Profiling:
	ReloadAssembly (1077ms)
		BeginReloadAssembly (124ms)
			ExecutionOrderSort (0ms)
			DisableScriptedObjects (7ms)
			BackupInstance (0ms)
			ReleaseScriptingObjects (0ms)
			CreateAndSetChildDomain (18ms)
		EndReloadAssembly (839ms)
			LoadAssemblies (93ms)
			RebuildTransferFunctionScriptingTraits (0ms)
			SetupTypeCache (295ms)
			ReleaseScriptCaches (0ms)
			RebuildScriptCaches (50ms)
			SetupLoadedEditorAssemblies (344ms)
				LogAssemblyErrors (0ms)
				InitializePlatformSupportModulesInManaged (25ms)
				SetLoadedEditorAssemblies (0ms)
				RefreshPlugins (1ms)
				BeforeProcessingInitializeOnLoad (73ms)
				ProcessInitializeOnLoadAttributes (211ms)
				ProcessInitializeOnLoadMethodAttributes (25ms)
				AfterProcessingInitializeOnLoad (9ms)
				EditorAssembliesLoaded (0ms)
			ExecutionOrderSort2 (0ms)
			AwakeInstancesAfterBackupRestoration (6ms)
Platform modules already initialized, skipping
========================================================================
Worker process is ready to serve import requests
Launched and connected shader compiler UnityShaderCompiler.exe after 0.05 seconds
Refreshing native plugins compatible for Editor in 0.34 ms, found 3 plugins.
Preloading 0 native plugins for Editor in 0.00 ms.
Unloading 3064 Unused Serialized files (Serialized files now loaded: 0)
Unloading 22 unused Assets / (284.1 KB). Loaded Objects now: 3529.
Memory consumption went from 113.1 MB to 112.8 MB.
Total: 1.832400 ms (FindLiveObjects: 0.157600 ms CreateObjectMapping: 0.063800 ms MarkObjects: 1.559500 ms  DeleteObjects: 0.050700 ms)

AssetImportParameters requested are different than current active one (requested -> active):
  custom:video-decoder-ogg-theora: a1e56fd34408186e4bbccfd4996cb3dc -> 
  custom:container-muxer-webm: aa71ff27fc2769a1b78a27578f13a17b -> 
  custom:container-demuxer-webm: 4f35f7cbe854078d1ac9338744f61a02 -> 
  custom:video-encoder-webm-vp8: eb34c28f22e8b96e1ab97ce403110664 -> 
  custom:audio-encoder-webm-vorbis: bf7c407c2cedff20999df2af8eb42d56 -> 
  custom:framework-win-MediaFoundation: 216162199b28c13a410421893ffa2e32 -> 
  custom:container-demuxer-ogg: 62fdf1f143b41e24485cea50d1cbac27 -> 
  custom:video-decoder-webm-vp8: 9c59270c3fd7afecdb556c50c9e8de78 -> 
  custom:audio-decoder-ogg-vorbis: bf7c407c2cedff20999df2af8eb42d56 -> 
========================================================================
Received Import Request.
  Time since last request: 373293.383029 seconds.
  path: Packages/com.unity.testtools.codecoverage/Editor/Icons/FolderOpened@2x.png
  artifactKey: Guid(dd4bd79e2c603964e8cbf04d0851a210) Importer(815301076,1909f56bfc062723c751e8b465ee728b)
Start importing Packages/com.unity.testtools.codecoverage/Editor/Icons/FolderOpened@2x.png using Guid(dd4bd79e2c603964e8cbf04d0851a210) Importer(815301076,1909f56bfc062723c751e8b465ee728b)  -> (artifact id: 'ee5d16e7d86708785cef0a56e2674aed') in 0.108380 seconds 
========================================================================
Received Import Request.
  Time since last request: 37.549133 seconds.
  path: Assets/Resources/Character/Armour_0.png
  artifactKey: Guid(28cbe7bf8e79fce43a81be1919a92bf2) Importer(815301076,1909f56bfc062723c751e8b465ee728b)
Start importing Assets/Resources/Character/Armour_0.png using Guid(28cbe7bf8e79fce43a81be1919a92bf2) Importer(815301076,1909f56bfc062723c751e8b465ee728b)  -> (artifact id: '09ea00726f54808443ae81709d1cfb1e') in 0.099453 seconds 
========================================================================
Received Import Request.
  Time since last request: 0.000029 seconds.
  path: Assets/Resources/Character/Clothes_10.png
  artifactKey: Guid(b205fedf325061d4b9ee2274a621f83f) Importer(815301076,1909f56bfc062723c751e8b465ee728b)
Start importing Assets/Resources/Character/Clothes_10.png using Guid(b205fedf325061d4b9ee2274a621f83f) Importer(815301076,1909f56bfc062723c751e8b465ee728b)  -> (artifact id: '0321f313f336abb634bee61f04a85588') in 0.040092 seconds 
========================================================================
Received Import Request.
  Time since last request: 0.000026 seconds.
  path: Assets/Resources/Character/Skin_3.png
  artifactKey: Guid(7e85b8c76485a044bbb91d3072768349) Importer(815301076,1909f56bfc062723c751e8b465ee728b)
Start importing Assets/Resources/Character/Skin_3.png using Guid(7e85b8c76485a044bbb91d3072768349) Importer(815301076,1909f56bfc062723c751e8b465ee728b)  -> (artifact id: '1d4c5aacea9bb3bf416dad4d4c50e476') in 0.104379 seconds 
========================================================================
Received Import Request.
  Time since last request: 0.000027 seconds.
  path: Assets/Resources/Character/Clothes_7.png
  artifactKey: Guid(b530e319f3a9150428b32c5bf6ac2108) Importer(815301076,1909f56bfc062723c751e8b465ee728b)
Start importing Assets/Resources/Character/Clothes_7.png using Guid(b530e319f3a9150428b32c5bf6ac2108) Importer(815301076,1909f56bfc062723c751e8b465ee728b)  -> (artifact id: 'd1e29bc53d7550ee53ab6287223a61f1') in 0.024771 seconds 
========================================================================
Received Import Request.
  Time since last request: 0.000039 seconds.
  path: Assets/Resources/Character/Armour_8.png
  artifactKey: Guid(f381e692ec16eff4d8d5952629990fa0) Importer(815301076,1909f56bfc062723c751e8b465ee728b)
Start importing Assets/Resources/Character/Armour_8.png using Guid(f381e692ec16eff4d8d5952629990fa0) Importer(815301076,1909f56bfc062723c751e8b465ee728b)  -> (artifact id: 'cbec795aaf0a177a8cef33f0d50182f9') in 0.018921 seconds 
========================================================================
Received Import Request.
  Time since last request: 0.000029 seconds.
  path: Assets/Resources/Character/Armour_4.png
  artifactKey: Guid(60ca68d26f191f1409a67e6fcdc2146e) Importer(815301076,1909f56bfc062723c751e8b465ee728b)
Start importing Assets/Resources/Character/Armour_4.png using Guid(60ca68d26f191f1409a67e6fcdc2146e) Importer(815301076,1909f56bfc062723c751e8b465ee728b)  -> (artifact id: '2774c903f1ea0cb342821c86a3ef26ac') in 0.016428 seconds 
========================================================================
Received Import Request.
  Time since last request: 0.000028 seconds.
  path: Assets/Resources/Character/Armour_3.png
  artifactKey: Guid(74806a2f022b475488a6e0c40f001606) Importer(815301076,1909f56bfc062723c751e8b465ee728b)
Start importing Assets/Resources/Character/Armour_3.png using Guid(74806a2f022b475488a6e0c40f001606) Importer(815301076,1909f56bfc062723c751e8b465ee728b)  -> (artifact id: '6c9f4199abd3d7ae4ace3d1cf83dd654') in 0.023579 seconds 
========================================================================
Received Import Request.
  Time since last request: 0.000022 seconds.
  path: Assets/Resources/Character/Mouth_0.png
  artifactKey: Guid(d99a803b21e77624b848e48942ce91ad) Importer(815301076,1909f56bfc062723c751e8b465ee728b)
Start importing Assets/Resources/Character/Mouth_0.png using Guid(d99a803b21e77624b848e48942ce91ad) Importer(815301076,1909f56bfc062723c751e8b465ee728b)  -> (artifact id: 'b42d333314bc8d750d85849b72911738') in 0.016924 seconds 
========================================================================
Received Import Request.
  Time since last request: 0.000028 seconds.
  path: Assets/Resources/Character/Eyes_0.png
  artifactKey: Guid(30381c853a730c841a1794713ff84c55) Importer(815301076,1909f56bfc062723c751e8b465ee728b)
Start importing Assets/Resources/Character/Eyes_0.png using Guid(30381c853a730c841a1794713ff84c55) Importer(815301076,1909f56bfc062723c751e8b465ee728b)  -> (artifact id: '83372e4df1dad7851a79bf45705ac7fb') in 0.016576 seconds 
========================================================================
Received Import Request.
  Time since last request: 0.000026 seconds.
  path: Assets/Resources/Character/Mouth_2.png
  artifactKey: Guid(a3b363eec5e3cf8409cbddc6f5e65f15) Importer(815301076,1909f56bfc062723c751e8b465ee728b)
Start importing Assets/Resources/Character/Mouth_2.png using Guid(a3b363eec5e3cf8409cbddc6f5e65f15) Importer(815301076,1909f56bfc062723c751e8b465ee728b)  -> (artifact id: 'be60555cbbcf8665f08f6b5a57df22d8') in 0.017261 seconds 
========================================================================
Received Import Request.
  Time since last request: 0.000023 seconds.
  path: Assets/Resources/Character/Clothes_2.png
  artifactKey: Guid(e886363a2b6e7284780a68aef442cc30) Importer(815301076,1909f56bfc062723c751e8b465ee728b)
Start importing Assets/Resources/Character/Clothes_2.png using Guid(e886363a2b6e7284780a68aef442cc30) Importer(815301076,1909f56bfc062723c751e8b465ee728b)  -> (artifact id: '41ca381b4f2faffde9435100e0f3759d') in 0.073351 seconds 
========================================================================
Received Import Request.
  Time since last request: 0.000026 seconds.
  path: Assets/Resources/Character/Armour_1.png
  artifactKey: Guid(c952354ff20be38448bd6c57ce5c4819) Importer(815301076,1909f56bfc062723c751e8b465ee728b)
Start importing Assets/Resources/Character/Armour_1.png using Guid(c952354ff20be38448bd6c57ce5c4819) Importer(815301076,1909f56bfc062723c751e8b465ee728b)  -> (artifact id: '1bc9e02d70fb02196afcb10b787a70cf') in 0.015820 seconds 
========================================================================
Received Import Request.
  Time since last request: 0.000035 seconds.
  path: Assets/Resources/Character/Clothes_4.png
  artifactKey: Guid(5451cf1c063c04f4cad8690dca6e615e) Importer(815301076,1909f56bfc062723c751e8b465ee728b)
Start importing Assets/Resources/Character/Clothes_4.png using Guid(5451cf1c063c04f4cad8690dca6e615e) Importer(815301076,1909f56bfc062723c751e8b465ee728b)  -> (artifact id: '8f9a0d0914b33a5103857d4ea2585d4f') in 0.015355 seconds 
========================================================================
Received Import Request.
  Time since last request: 0.000026 seconds.
  path: Assets/Resources/Character/Armour_6.png
  artifactKey: Guid(1d22820b1bb72234fb60ce0bf317fa51) Importer(815301076,1909f56bfc062723c751e8b465ee728b)
Start importing Assets/Resources/Character/Armour_6.png using Guid(1d22820b1bb72234fb60ce0bf317fa51) Importer(815301076,1909f56bfc062723c751e8b465ee728b)  -> (artifact id: '918936a27397adb98090d99968a524a5') in 0.015877 seconds 
========================================================================
Received Import Request.
  Time since last request: 0.000024 seconds.
  path: Assets/Resources/Character/Armour_7.png
  artifactKey: Guid(3750f93413eff634e99a2f29c39248d9) Importer(815301076,1909f56bfc062723c751e8b465ee728b)
Start importing Assets/Resources/Character/Armour_7.png using Guid(3750f93413eff634e99a2f29c39248d9) Importer(815301076,1909f56bfc062723c751e8b465ee728b)  -> (artifact id: '0c09c05069d7da1304be5f9b5f835c01') in 0.028843 seconds 
========================================================================
Received Import Request.
  Time since last request: 0.001201 seconds.
  path: Assets/Resources/Character/Clothes_6.png
  artifactKey: Guid(37209d19bc41f2c4fae528bd8a7aa206) Importer(815301076,1909f56bfc062723c751e8b465ee728b)
Start importing Assets/Resources/Character/Clothes_6.png using Guid(37209d19bc41f2c4fae528bd8a7aa206) Importer(815301076,1909f56bfc062723c751e8b465ee728b)  -> (artifact id: '62a7b5cff660925fa31fb128d4742006') in 0.046878 seconds 
========================================================================
Received Import Request.
  Time since last request: 0.000022 seconds.
  path: Assets/Resources/Character/Clothes_9.png
  artifactKey: Guid(29261a2628ac8374cb5daab42c810c57) Importer(815301076,1909f56bfc062723c751e8b465ee728b)
Start importing Assets/Resources/Character/Clothes_9.png using Guid(29261a2628ac8374cb5daab42c810c57) Importer(815301076,1909f56bfc062723c751e8b465ee728b)  -> (artifact id: '3516ecbbb9de4ae7f8507488e8ef09ee') in 0.019917 seconds 
========================================================================
Received Import Request.
  Time since last request: 0.000025 seconds.
  path: Assets/Resources/Character/Clothes_0.png
  artifactKey: Guid(617044b0c3532ff45ab8c5c59779ef96) Importer(815301076,1909f56bfc062723c751e8b465ee728b)
Start importing Assets/Resources/Character/Clothes_0.png using Guid(617044b0c3532ff45ab8c5c59779ef96) Importer(815301076,1909f56bfc062723c751e8b465ee728b)  -> (artifact id: '86aafedf4287f0c670207cc375c5142a') in 0.021291 seconds 
========================================================================
Received Import Request.
  Time since last request: 0.000024 seconds.
  path: Assets/Resources/Character/Clothes_1.png
  artifactKey: Guid(d6b3421eb02e5134c90739bb79df2c21) Importer(815301076,1909f56bfc062723c751e8b465ee728b)
Start importing Assets/Resources/Character/Clothes_1.png using Guid(d6b3421eb02e5134c90739bb79df2c21) Importer(815301076,1909f56bfc062723c751e8b465ee728b)  -> (artifact id: 'c2b9cb7cbaf8bb359adb3d2f3ca0e433') in 0.018614 seconds 
Editor requested this worker to shutdown with reason: Scaling down because of idle timeout
AssetImportWorker is now disconnected from the server
Process exiting
Exiting without the bug reporter. Application will terminate with return code 0