Using pre-set license
Built from '2021.3/staging' branch; Version is '2021.3.26f1 (a16dc32e0ff2) revision 10579395'; Using compiler version '192829333'; Build Type 'Release'
OS: 'Windows 10  (10.0.19045) 64bit Enterprise' Language: 'en' Physical Memory: 65224 MB
BatchMode: 1, IsHumanControllingUs: 0, StartBugReporterOnCrash: 0, Is64bit: 1, IsPro: 1

COMMAND LINE ARGUMENTS:
C:\Program Files\Unity\Hub\Editor\2021.3.26f1\Editor\Unity.exe
-adb2
-batchMode
-noUpm
-name
AssetImportWorker1
-projectPath
C:/Users/sheridan.lucas2/Documents/GitHub/New-Game-Systems-week-9
-logFile
Logs/AssetImportWorker1.log
-srvPort
59276
Successfully changed project path to: C:/Users/sheridan.lucas2/Documents/GitHub/New-Game-Systems-week-9
C:/Users/sheridan.lucas2/Documents/GitHub/New-Game-Systems-week-9
[UnityMemory] Configuration Parameters - Can be set up in boot.config
    "memorysetup-bucket-allocator-granularity=16"
    "memorysetup-bucket-allocator-bucket-count=8"
    "memorysetup-bucket-allocator-block-size=33554432"
    "memorysetup-bucket-allocator-block-count=8"
    "memorysetup-main-allocator-block-size=16777216"
    "memorysetup-thread-allocator-block-size=16777216"
    "memorysetup-gfx-main-allocator-block-size=16777216"
    "memorysetup-gfx-thread-allocator-block-size=16777216"
    "memorysetup-cache-allocator-block-size=4194304"
    "memorysetup-typetree-allocator-block-size=2097152"
    "memorysetup-profiler-bucket-allocator-granularity=16"
    "memorysetup-profiler-bucket-allocator-bucket-count=8"
    "memorysetup-profiler-bucket-allocator-block-size=33554432"
    "memorysetup-profiler-bucket-allocator-block-count=8"
    "memorysetup-profiler-allocator-block-size=16777216"
    "memorysetup-profiler-editor-allocator-block-size=1048576"
    "memorysetup-temp-allocator-size-main=16777216"
    "memorysetup-job-temp-allocator-block-size=2097152"
    "memorysetup-job-temp-allocator-block-size-background=1048576"
    "memorysetup-job-temp-allocator-reduction-small-platforms=262144"
    "memorysetup-temp-allocator-size-background-worker=32768"
    "memorysetup-temp-allocator-size-job-worker=262144"
    "memorysetup-temp-allocator-size-preload-manager=33554432"
    "memorysetup-temp-allocator-size-nav-mesh-worker=65536"
    "memorysetup-temp-allocator-size-audio-worker=65536"
    "memorysetup-temp-allocator-size-cloud-worker=32768"
    "memorysetup-temp-allocator-size-gi-baking-worker=262144"
    "memorysetup-temp-allocator-size-gfx=262144"
Player connection [30760] Host "[IP] 172.27.14.168 [Port] 0 [Flags] 2 [Guid] 2129525941 [EditorId] 2129525941 [Version] 1048832 [Id] WindowsEditor(7,NS00J002011DE04) [Debug] 1 [PackageName] WindowsEditor [ProjectName] Editor" joined multi-casting on [225.0.0.222:54997]...

Player connection [30760] Host "[IP] 172.27.14.168 [Port] 0 [Flags] 2 [Guid] 2129525941 [EditorId] 2129525941 [Version] 1048832 [Id] WindowsEditor(7,NS00J002011DE04) [Debug] 1 [PackageName] WindowsEditor [ProjectName] Editor" joined alternative multi-casting on [225.0.0.222:34997]...

Refreshing native plugins compatible for Editor in 67.78 ms, found 3 plugins.
Preloading 0 native plugins for Editor in 0.00 ms.
Initialize engine version: 2021.3.26f1 (a16dc32e0ff2)
[Subsystems] Discovering subsystems at path C:/Program Files/Unity/Hub/Editor/2021.3.26f1/Editor/Data/Resources/UnitySubsystems
[Subsystems] Discovering subsystems at path C:/Users/sheridan.lucas2/Documents/GitHub/New-Game-Systems-week-9/Assets
GfxDevice: creating device client; threaded=0; jobified=0
Direct3D:
    Version:  Direct3D 11.0 [level 11.1]
    Renderer: NVIDIA GeForce RTX 3090 (ID=0x2204)
    Vendor:   NVIDIA
    VRAM:     24340 MB
    Driver:   31.0.15.3619
Initialize mono
Mono path[0] = 'C:/Program Files/Unity/Hub/Editor/2021.3.26f1/Editor/Data/Managed'
Mono path[1] = 'C:/Program Files/Unity/Hub/Editor/2021.3.26f1/Editor/Data/MonoBleedingEdge/lib/mono/unityjit-win32'
Mono config path = 'C:/Program Files/Unity/Hub/Editor/2021.3.26f1/Editor/Data/MonoBleedingEdge/etc'
Using monoOptions --debugger-agent=transport=dt_socket,embedding=1,server=y,suspend=n,address=127.0.0.1:56924
Begin MonoManager ReloadAssembly
Registering precompiled unity dll's ...
Register platform support module: C:/Program Files/Unity/Hub/Editor/2021.3.26f1/Editor/Data/PlaybackEngines/WebGLSupport/UnityEditor.WebGL.Extensions.dll
Register platform support module: C:/Program Files/Unity/Hub/Editor/2021.3.26f1/Editor/Data/PlaybackEngines/AndroidPlayer/UnityEditor.Android.Extensions.dll
Register platform support module: C:/Program Files/Unity/Hub/Editor/2021.3.26f1/Editor/Data/PlaybackEngines/WindowsStandaloneSupport/UnityEditor.WindowsStandalone.Extensions.dll
Registered in 0.008641 seconds.
Native extension for WindowsStandalone target not found
Native extension for Android target not found
Android Extension - Scanning For ADB Devices 799 ms
Native extension for WebGL target not found
Refreshing native plugins compatible for Editor in 61.95 ms, found 3 plugins.
Preloading 0 native plugins for Editor in 0.00 ms.
Mono: successfully reloaded assembly
- Completed reload, in  1.492 seconds
Domain Reload Profiling:
	ReloadAssembly (1493ms)
		BeginReloadAssembly (86ms)
			ExecutionOrderSort (0ms)
			DisableScriptedObjects (0ms)
			BackupInstance (0ms)
			ReleaseScriptingObjects (0ms)
			CreateAndSetChildDomain (0ms)
		EndReloadAssembly (1302ms)
			LoadAssemblies (85ms)
			RebuildTransferFunctionScriptingTraits (0ms)
			SetupTypeCache (103ms)
			ReleaseScriptCaches (0ms)
			RebuildScriptCaches (27ms)
			SetupLoadedEditorAssemblies (1119ms)
				LogAssemblyErrors (0ms)
				InitializePlatformSupportModulesInManaged (914ms)
				SetLoadedEditorAssemblies (0ms)
				RefreshPlugins (62ms)
				BeforeProcessingInitializeOnLoad (1ms)
				ProcessInitializeOnLoadAttributes (94ms)
				ProcessInitializeOnLoadMethodAttributes (47ms)
				AfterProcessingInitializeOnLoad (0ms)
				EditorAssembliesLoaded (0ms)
			ExecutionOrderSort2 (0ms)
			AwakeInstancesAfterBackupRestoration (0ms)
Platform modules already initialized, skipping
Registering precompiled user dll's ...
Registered in 0.005725 seconds.
Begin MonoManager ReloadAssembly
Symbol file LoadedFromMemory doesn't match image C:\Users\sheridan.lucas2\Documents\GitHub\New-Game-Systems-week-9\Library\PackageCache\com.unity.visualscripting@1.8.0\Editor\VisualScripting.Core\Dependencies\YamlDotNet\Unity.VisualScripting.YamlDotNet.dll
Symbol file LoadedFromMemory doesn't match image C:\Users\sheridan.lucas2\Documents\GitHub\New-Game-Systems-week-9\Library\PackageCache\com.unity.visualscripting@1.8.0\Editor\VisualScripting.Core\Dependencies\DotNetZip\Unity.VisualScripting.IonicZip.dll
Native extension for WindowsStandalone target not found
Native extension for Android target not found
Native extension for WebGL target not found
Refreshing native plugins compatible for Editor in 0.40 ms, found 3 plugins.
Preloading 0 native plugins for Editor in 0.00 ms.
Mono: successfully reloaded assembly
- Completed reload, in  1.012 seconds
Domain Reload Profiling:
	ReloadAssembly (1013ms)
		BeginReloadAssembly (114ms)
			ExecutionOrderSort (0ms)
			DisableScriptedObjects (7ms)
			BackupInstance (0ms)
			ReleaseScriptingObjects (0ms)
			CreateAndSetChildDomain (18ms)
		EndReloadAssembly (787ms)
			LoadAssemblies (85ms)
			RebuildTransferFunctionScriptingTraits (0ms)
			SetupTypeCache (249ms)
			ReleaseScriptCaches (0ms)
			RebuildScriptCaches (47ms)
			SetupLoadedEditorAssemblies (338ms)
				LogAssemblyErrors (0ms)
				InitializePlatformSupportModulesInManaged (23ms)
				SetLoadedEditorAssemblies (0ms)
				RefreshPlugins (0ms)
				BeforeProcessingInitializeOnLoad (72ms)
				ProcessInitializeOnLoadAttributes (210ms)
				ProcessInitializeOnLoadMethodAttributes (23ms)
				AfterProcessingInitializeOnLoad (9ms)
				EditorAssembliesLoaded (0ms)
			ExecutionOrderSort2 (0ms)
			AwakeInstancesAfterBackupRestoration (7ms)
Platform modules already initialized, skipping
========================================================================
Worker process is ready to serve import requests
Launched and connected shader compiler UnityShaderCompiler.exe after 0.04 seconds
Refreshing native plugins compatible for Editor in 0.33 ms, found 3 plugins.
Preloading 0 native plugins for Editor in 0.00 ms.
Unloading 3063 Unused Serialized files (Serialized files now loaded: 0)
Unloading 22 unused Assets / (284.4 KB). Loaded Objects now: 3528.
Memory consumption went from 112.8 MB to 112.5 MB.
Total: 1.835100 ms (FindLiveObjects: 0.191100 ms CreateObjectMapping: 0.070100 ms MarkObjects: 1.535800 ms  DeleteObjects: 0.037400 ms)

AssetImportParameters requested are different than current active one (requested -> active):
  custom:video-decoder-ogg-theora: a1e56fd34408186e4bbccfd4996cb3dc -> 
  custom:container-muxer-webm: aa71ff27fc2769a1b78a27578f13a17b -> 
  custom:container-demuxer-webm: 4f35f7cbe854078d1ac9338744f61a02 -> 
  custom:video-encoder-webm-vp8: eb34c28f22e8b96e1ab97ce403110664 -> 
  custom:audio-encoder-webm-vorbis: bf7c407c2cedff20999df2af8eb42d56 -> 
  custom:framework-win-MediaFoundation: 216162199b28c13a410421893ffa2e32 -> 
  custom:container-demuxer-ogg: 62fdf1f143b41e24485cea50d1cbac27 -> 
  custom:video-decoder-webm-vp8: 9c59270c3fd7afecdb556c50c9e8de78 -> 
  custom:audio-decoder-ogg-vorbis: bf7c407c2cedff20999df2af8eb42d56 -> 
========================================================================
Received Import Request.
  Time since last request: 368983.976327 seconds.
  path: Assets/Settings Display.renderTexture
  artifactKey: Guid(306785488aa0c12458b7f163ef6ac3f2) Importer(815301076,1909f56bfc062723c751e8b465ee728b)
Start importing Assets/Settings Display.renderTexture using Guid(306785488aa0c12458b7f163ef6ac3f2) Importer(815301076,1909f56bfc062723c751e8b465ee728b)  -> (artifact id: '0820860dcca949513127d87eff763a81') in 0.046461 seconds 
========================================================================
Received Prepare
Registering precompiled user dll's ...
Registered in 0.006738 seconds.
Begin MonoManager ReloadAssembly
Symbol file LoadedFromMemory doesn't match image C:\Users\sheridan.lucas2\Documents\GitHub\New-Game-Systems-week-9\Library\PackageCache\com.unity.visualscripting@1.8.0\Editor\VisualScripting.Core\Dependencies\YamlDotNet\Unity.VisualScripting.YamlDotNet.dll
Symbol file LoadedFromMemory doesn't match image C:\Users\sheridan.lucas2\Documents\GitHub\New-Game-Systems-week-9\Library\PackageCache\com.unity.visualscripting@1.8.0\Editor\VisualScripting.Core\Dependencies\DotNetZip\Unity.VisualScripting.IonicZip.dll
Native extension for WindowsStandalone target not found
Native extension for Android target not found
Native extension for WebGL target not found
Refreshing native plugins compatible for Editor in 0.43 ms, found 3 plugins.
Preloading 0 native plugins for Editor in 0.00 ms.
Mono: successfully reloaded assembly
- Completed reload, in  1.058 seconds
Domain Reload Profiling:
	ReloadAssembly (1059ms)
		BeginReloadAssembly (147ms)
			ExecutionOrderSort (0ms)
			DisableScriptedObjects (6ms)
			BackupInstance (0ms)
			ReleaseScriptingObjects (0ms)
			CreateAndSetChildDomain (31ms)
		EndReloadAssembly (806ms)
			LoadAssemblies (99ms)
			RebuildTransferFunctionScriptingTraits (0ms)
			SetupTypeCache (276ms)
			ReleaseScriptCaches (1ms)
			RebuildScriptCaches (43ms)
			SetupLoadedEditorAssemblies (322ms)
				LogAssemblyErrors (0ms)
				InitializePlatformSupportModulesInManaged (27ms)
				SetLoadedEditorAssemblies (1ms)
				RefreshPlugins (1ms)
				BeforeProcessingInitializeOnLoad (64ms)
				ProcessInitializeOnLoadAttributes (198ms)
				ProcessInitializeOnLoadMethodAttributes (22ms)
				AfterProcessingInitializeOnLoad (10ms)
				EditorAssembliesLoaded (0ms)
			ExecutionOrderSort2 (0ms)
			AwakeInstancesAfterBackupRestoration (8ms)
Platform modules already initialized, skipping
Refreshing native plugins compatible for Editor in 2.03 ms, found 3 plugins.
Preloading 0 native plugins for Editor in 0.00 ms.
Unloading 3055 Unused Serialized files (Serialized files now loaded: 0)
Unloading 15 unused Assets / (24.7 KB). Loaded Objects now: 3534.
Memory consumption went from 112.0 MB to 112.0 MB.
Total: 2.641300 ms (FindLiveObjects: 0.323000 ms CreateObjectMapping: 0.092100 ms MarkObjects: 2.201800 ms  DeleteObjects: 0.023500 ms)

AssetImportParameters requested are different than current active one (requested -> active):
  custom:video-decoder-ogg-theora: a1e56fd34408186e4bbccfd4996cb3dc -> 
  custom:container-muxer-webm: aa71ff27fc2769a1b78a27578f13a17b -> 
  custom:container-demuxer-webm: 4f35f7cbe854078d1ac9338744f61a02 -> 
  custom:video-encoder-webm-vp8: eb34c28f22e8b96e1ab97ce403110664 -> 
  custom:audio-encoder-webm-vorbis: bf7c407c2cedff20999df2af8eb42d56 -> 
  custom:framework-win-MediaFoundation: 216162199b28c13a410421893ffa2e32 -> 
  custom:container-demuxer-ogg: 62fdf1f143b41e24485cea50d1cbac27 -> 
  custom:video-decoder-webm-vp8: 9c59270c3fd7afecdb556c50c9e8de78 -> 
  custom:audio-decoder-ogg-vorbis: bf7c407c2cedff20999df2af8eb42d56 -> 
========================================================================
Received Import Request.
  Time since last request: 1124.356928 seconds.
  path: Assets/Resources/Character/Armour_1.png
  artifactKey: Guid(c952354ff20be38448bd6c57ce5c4819) Importer(815301076,1909f56bfc062723c751e8b465ee728b)
Start importing Assets/Resources/Character/Armour_1.png using Guid(c952354ff20be38448bd6c57ce5c4819) Importer(815301076,1909f56bfc062723c751e8b465ee728b)  -> (artifact id: 'a6a4caa9d2fe7d5a175d9656963fc968') in 0.172308 seconds 
========================================================================
Received Import Request.
  Time since last request: 0.000033 seconds.
  path: Assets/Resources/Character/Clothes_7.png
  artifactKey: Guid(b530e319f3a9150428b32c5bf6ac2108) Importer(815301076,1909f56bfc062723c751e8b465ee728b)
Start importing Assets/Resources/Character/Clothes_7.png using Guid(b530e319f3a9150428b32c5bf6ac2108) Importer(815301076,1909f56bfc062723c751e8b465ee728b)  -> (artifact id: 'e57269ade354e6e11ee1c391dd5c40ef') in 0.013916 seconds 
========================================================================
Received Import Request.
  Time since last request: 0.000040 seconds.
  path: Assets/Resources/Character/Eyes_1.png
  artifactKey: Guid(09536bcd131b10c4cb7c2ba50c8cbc3c) Importer(815301076,1909f56bfc062723c751e8b465ee728b)
Start importing Assets/Resources/Character/Eyes_1.png using Guid(09536bcd131b10c4cb7c2ba50c8cbc3c) Importer(815301076,1909f56bfc062723c751e8b465ee728b)  -> (artifact id: '27eda29a735715f72997677d93f97258') in 0.013398 seconds 
========================================================================
Received Import Request.
  Time since last request: 0.000028 seconds.
  path: Assets/Resources/Character/Armour_2.png
  artifactKey: Guid(a83483ce2b993d84eabd824b6bfc9675) Importer(815301076,1909f56bfc062723c751e8b465ee728b)
Start importing Assets/Resources/Character/Armour_2.png using Guid(a83483ce2b993d84eabd824b6bfc9675) Importer(815301076,1909f56bfc062723c751e8b465ee728b)  -> (artifact id: '41d489a5b1e61c085585a56565392b6e') in 0.020745 seconds 
========================================================================
Received Import Request.
  Time since last request: 0.000022 seconds.
  path: Assets/Resources/Character/Hair_2.png
  artifactKey: Guid(b77e13b692736d4488459e289d262784) Importer(815301076,1909f56bfc062723c751e8b465ee728b)
Start importing Assets/Resources/Character/Hair_2.png using Guid(b77e13b692736d4488459e289d262784) Importer(815301076,1909f56bfc062723c751e8b465ee728b)  -> (artifact id: '5f932376c1d8da82448e074551a5bde2') in 0.015025 seconds 
========================================================================
Received Import Request.
  Time since last request: 0.000025 seconds.
  path: Assets/Resources/Character/Clothes_3.png
  artifactKey: Guid(502719d36a3f8a347b21c9060d81def2) Importer(815301076,1909f56bfc062723c751e8b465ee728b)
Start importing Assets/Resources/Character/Clothes_3.png using Guid(502719d36a3f8a347b21c9060d81def2) Importer(815301076,1909f56bfc062723c751e8b465ee728b)  -> (artifact id: '28701392c87431f0200a5d37784fca6f') in 0.021855 seconds 
========================================================================
Received Import Request.
  Time since last request: 0.000029 seconds.
  path: Assets/Resources/Character/Hair_4.png
  artifactKey: Guid(76cc4577bbffdca4e8f14d9763c7e875) Importer(815301076,1909f56bfc062723c751e8b465ee728b)
Start importing Assets/Resources/Character/Hair_4.png using Guid(76cc4577bbffdca4e8f14d9763c7e875) Importer(815301076,1909f56bfc062723c751e8b465ee728b)  -> (artifact id: '11549d4eacc8260abacdc1d32412397a') in 0.014914 seconds 
========================================================================
Received Import Request.
  Time since last request: 0.000026 seconds.
  path: Assets/Resources/Character/Armour_5.png
  artifactKey: Guid(53b9fd2410f9be64ba60f0df0a5a434f) Importer(815301076,1909f56bfc062723c751e8b465ee728b)
Start importing Assets/Resources/Character/Armour_5.png using Guid(53b9fd2410f9be64ba60f0df0a5a434f) Importer(815301076,1909f56bfc062723c751e8b465ee728b)  -> (artifact id: 'edff9d503c33a22e1bc0de8786adf867') in 0.013239 seconds 
========================================================================
Received Import Request.
  Time since last request: 0.000028 seconds.
  path: Assets/Resources/Character/Armour_9.png
  artifactKey: Guid(41859e1cc559ffb4f97c643e86fb991b) Importer(815301076,1909f56bfc062723c751e8b465ee728b)
Start importing Assets/Resources/Character/Armour_9.png using Guid(41859e1cc559ffb4f97c643e86fb991b) Importer(815301076,1909f56bfc062723c751e8b465ee728b)  -> (artifact id: '67aa5aa65b6002884c9da371e4bc0dee') in 0.013833 seconds 
========================================================================
Received Import Request.
  Time since last request: 0.000025 seconds.
  path: Assets/Resources/Character/Hair_3.png
  artifactKey: Guid(251452dafa59285429670ec0145c23ea) Importer(815301076,1909f56bfc062723c751e8b465ee728b)
Start importing Assets/Resources/Character/Hair_3.png using Guid(251452dafa59285429670ec0145c23ea) Importer(815301076,1909f56bfc062723c751e8b465ee728b)  -> (artifact id: '2585547724d25ead9d8b06a36b9b23de') in 0.012684 seconds 
========================================================================
Received Import Request.
  Time since last request: 0.000025 seconds.
  path: Assets/Resources/Character/Clothes_4.png
  artifactKey: Guid(5451cf1c063c04f4cad8690dca6e615e) Importer(815301076,1909f56bfc062723c751e8b465ee728b)
Start importing Assets/Resources/Character/Clothes_4.png using Guid(5451cf1c063c04f4cad8690dca6e615e) Importer(815301076,1909f56bfc062723c751e8b465ee728b)  -> (artifact id: 'a4b8e350670b5511549c9fda66bab43c') in 0.013603 seconds 
========================================================================
Received Import Request.
  Time since last request: 0.000021 seconds.
  path: Assets/Resources/Character/Armour_6.png
  artifactKey: Guid(1d22820b1bb72234fb60ce0bf317fa51) Importer(815301076,1909f56bfc062723c751e8b465ee728b)
Start importing Assets/Resources/Character/Armour_6.png using Guid(1d22820b1bb72234fb60ce0bf317fa51) Importer(815301076,1909f56bfc062723c751e8b465ee728b)  -> (artifact id: '93ad954b30ce57270aa244e03c533cd5') in 0.013782 seconds 
========================================================================
Received Import Request.
  Time since last request: 0.000024 seconds.
  path: Assets/Resources/Character/Armour_7.png
  artifactKey: Guid(3750f93413eff634e99a2f29c39248d9) Importer(815301076,1909f56bfc062723c751e8b465ee728b)
Start importing Assets/Resources/Character/Armour_7.png using Guid(3750f93413eff634e99a2f29c39248d9) Importer(815301076,1909f56bfc062723c751e8b465ee728b)  -> (artifact id: 'f499e259ba9d399d4ccd02dbc7d67ae6') in 0.013880 seconds 
========================================================================
Received Import Request.
  Time since last request: 0.000026 seconds.
  path: Assets/Resources/Character/Skin_0.png
  artifactKey: Guid(3e4949f799e9c41419eeb07cd7d019ac) Importer(815301076,1909f56bfc062723c751e8b465ee728b)
Start importing Assets/Resources/Character/Skin_0.png using Guid(3e4949f799e9c41419eeb07cd7d019ac) Importer(815301076,1909f56bfc062723c751e8b465ee728b)  -> (artifact id: '1e8ff7a2675853917a893a42b4862b1f') in 0.014014 seconds 
========================================================================
Received Import Request.
  Time since last request: 0.000034 seconds.
  path: Assets/Resources/Character/Clothes_9.png
  artifactKey: Guid(29261a2628ac8374cb5daab42c810c57) Importer(815301076,1909f56bfc062723c751e8b465ee728b)
Start importing Assets/Resources/Character/Clothes_9.png using Guid(29261a2628ac8374cb5daab42c810c57) Importer(815301076,1909f56bfc062723c751e8b465ee728b)  -> (artifact id: '0e7ac918af4b5b132d8bd514f476af58') in 0.020556 seconds 
========================================================================
Received Import Request.
  Time since last request: 0.000023 seconds.
  path: Assets/Resources/Character/Clothes_0.png
  artifactKey: Guid(617044b0c3532ff45ab8c5c59779ef96) Importer(815301076,1909f56bfc062723c751e8b465ee728b)
Start importing Assets/Resources/Character/Clothes_0.png using Guid(617044b0c3532ff45ab8c5c59779ef96) Importer(815301076,1909f56bfc062723c751e8b465ee728b)  -> (artifact id: 'b7fa7734b85b0325e9a85d4405218e90') in 0.015094 seconds 
========================================================================
Received Import Request.
  Time since last request: 0.000020 seconds.
  path: Assets/Resources/Character/Clothes_8.png
  artifactKey: Guid(6a2498f68587c68449de1719243c388d) Importer(815301076,1909f56bfc062723c751e8b465ee728b)
Start importing Assets/Resources/Character/Clothes_8.png using Guid(6a2498f68587c68449de1719243c388d) Importer(815301076,1909f56bfc062723c751e8b465ee728b)  -> (artifact id: '858124f7995e78befd6aa40ec83dafd4') in 0.017453 seconds 
Editor requested this worker to shutdown with reason: Scaling down because of idle timeout
AssetImportWorker is now disconnected from the server
Process exiting
Exiting without the bug reporter. Application will terminate with return code 0